<?xml version="1.0" encoding="UTF-8"?>
<testsuite name="ltd.newimg.attrTest" tests="1" skipped="0" failures="0" errors="0" timestamp="2022-10-12T05:02:27" hostname="SURFACE" time="0.024">
  <properties/>
  <testcase name="test3()" classname="ltd.newimg.attrTest" time="0.024"/>
  <system-out><![CDATA[test3
H8B8g5X_SWfzlCSOPPRdw
]]></system-out>
  <system-err><![CDATA[]]></system-err>
</testsuite>
