<?xml version="1.0" encoding="UTF-8"?>
<testsuite name="ltd.newimg.attrTest" tests="1" skipped="0" failures="0" errors="0" timestamp="2022-10-15T12:19:01" hostname="SURFACE" time="0.069">
  <properties/>
  <testcase name="test3()" classname="ltd.newimg.attrTest" time="0.069"/>
  <system-out><![CDATA[test3
_JlYJqmHYkz4jishfI9QU
]]></system-out>
  <system-err><![CDATA[]]></system-err>
</testsuite>
