<?xml version="1.0" encoding="UTF-8"?>
<testsuite xmlns:xsi="http://www.w3.org/2001/XMLSchema-instance" xsi:noNamespaceSchemaLocation="https://maven.apache.org/surefire/maven-surefire-plugin/xsd/surefire-test-report.xsd" name="ltd.newimg.helloworld.HelloworldApplicationTests" time="2.938" tests="1" errors="0" skipped="0" failures="0">
  <properties>
    <property name="sun.desktop" value="windows"/>
    <property name="awt.toolkit" value="sun.awt.windows.WToolkit"/>
    <property name="file.encoding.pkg" value="sun.io"/>
    <property name="java.specification.version" value="1.8"/>
    <property name="sun.cpu.isalist" value="amd64"/>
    <property name="sun.jnu.encoding" value="GBK"/>
    <property name="java.class.path" value="F:\Programing\Myfile\backEnd\JavaFile\helloworld\target\test-classes;F:\Programing\Myfile\backEnd\JavaFile\helloworld\target\classes;D:\MySoftware\Environment\apache-maven\maven-repository\org\springframework\boot\spring-boot-starter-web\2.7.0\spring-boot-starter-web-2.7.0.jar;D:\MySoftware\Environment\apache-maven\maven-repository\org\springframework\boot\spring-boot-starter\2.7.0\spring-boot-starter-2.7.0.jar;D:\MySoftware\Environment\apache-maven\maven-repository\org\springframework\boot\spring-boot\2.7.0\spring-boot-2.7.0.jar;D:\MySoftware\Environment\apache-maven\maven-repository\org\springframework\boot\spring-boot-autoconfigure\2.7.0\spring-boot-autoconfigure-2.7.0.jar;D:\MySoftware\Environment\apache-maven\maven-repository\org\springframework\boot\spring-boot-starter-logging\2.7.0\spring-boot-starter-logging-2.7.0.jar;D:\MySoftware\Environment\apache-maven\maven-repository\ch\qos\logback\logback-classic\1.2.11\logback-classic-1.2.11.jar;D:\MySoftware\Environment\apache-maven\maven-repository\ch\qos\logback\logback-core\1.2.11\logback-core-1.2.11.jar;D:\MySoftware\Environment\apache-maven\maven-repository\org\apache\logging\log4j\log4j-to-slf4j\2.17.2\log4j-to-slf4j-2.17.2.jar;D:\MySoftware\Environment\apache-maven\maven-repository\org\apache\logging\log4j\log4j-api\2.17.2\log4j-api-2.17.2.jar;D:\MySoftware\Environment\apache-maven\maven-repository\org\slf4j\jul-to-slf4j\1.7.36\jul-to-slf4j-1.7.36.jar;D:\MySoftware\Environment\apache-maven\maven-repository\jakarta\annotation\jakarta.annotation-api\1.3.5\jakarta.annotation-api-1.3.5.jar;D:\MySoftware\Environment\apache-maven\maven-repository\org\yaml\snakeyaml\1.30\snakeyaml-1.30.jar;D:\MySoftware\Environment\apache-maven\maven-repository\org\springframework\boot\spring-boot-starter-json\2.7.0\spring-boot-starter-json-2.7.0.jar;D:\MySoftware\Environment\apache-maven\maven-repository\com\fasterxml\jackson\core\jackson-databind\2.13.3\jackson-databind-2.13.3.jar;D:\MySoftware\Environment\apache-maven\maven-repository\com\fasterxml\jackson\core\jackson-annotations\2.13.3\jackson-annotations-2.13.3.jar;D:\MySoftware\Environment\apache-maven\maven-repository\com\fasterxml\jackson\core\jackson-core\2.13.3\jackson-core-2.13.3.jar;D:\MySoftware\Environment\apache-maven\maven-repository\com\fasterxml\jackson\datatype\jackson-datatype-jdk8\2.13.3\jackson-datatype-jdk8-2.13.3.jar;D:\MySoftware\Environment\apache-maven\maven-repository\com\fasterxml\jackson\datatype\jackson-datatype-jsr310\2.13.3\jackson-datatype-jsr310-2.13.3.jar;D:\MySoftware\Environment\apache-maven\maven-repository\com\fasterxml\jackson\module\jackson-module-parameter-names\2.13.3\jackson-module-parameter-names-2.13.3.jar;D:\MySoftware\Environment\apache-maven\maven-repository\org\springframework\boot\spring-boot-starter-tomcat\2.7.0\spring-boot-starter-tomcat-2.7.0.jar;D:\MySoftware\Environment\apache-maven\maven-repository\org\apache\tomcat\embed\tomcat-embed-core\9.0.63\tomcat-embed-core-9.0.63.jar;D:\MySoftware\Environment\apache-maven\maven-repository\org\apache\tomcat\embed\tomcat-embed-el\9.0.63\tomcat-embed-el-9.0.63.jar;D:\MySoftware\Environment\apache-maven\maven-repository\org\apache\tomcat\embed\tomcat-embed-websocket\9.0.63\tomcat-embed-websocket-9.0.63.jar;D:\MySoftware\Environment\apache-maven\maven-repository\org\springframework\spring-web\5.3.20\spring-web-5.3.20.jar;D:\MySoftware\Environment\apache-maven\maven-repository\org\springframework\spring-beans\5.3.20\spring-beans-5.3.20.jar;D:\MySoftware\Environment\apache-maven\maven-repository\org\springframework\spring-webmvc\5.3.20\spring-webmvc-5.3.20.jar;D:\MySoftware\Environment\apache-maven\maven-repository\org\springframework\spring-aop\5.3.20\spring-aop-5.3.20.jar;D:\MySoftware\Environment\apache-maven\maven-repository\org\springframework\spring-context\5.3.20\spring-context-5.3.20.jar;D:\MySoftware\Environment\apache-maven\maven-repository\org\springframework\spring-expression\5.3.20\spring-expression-5.3.20.jar;D:\MySoftware\Environment\apache-maven\maven-repository\org\projectlombok\lombok\1.18.24\lombok-1.18.24.jar;D:\MySoftware\Environment\apache-maven\maven-repository\org\springframework\boot\spring-boot-starter-test\2.7.0\spring-boot-starter-test-2.7.0.jar;D:\MySoftware\Environment\apache-maven\maven-repository\org\springframework\boot\spring-boot-test\2.7.0\spring-boot-test-2.7.0.jar;D:\MySoftware\Environment\apache-maven\maven-repository\org\springframework\boot\spring-boot-test-autoconfigure\2.7.0\spring-boot-test-autoconfigure-2.7.0.jar;D:\MySoftware\Environment\apache-maven\maven-repository\com\jayway\jsonpath\json-path\2.7.0\json-path-2.7.0.jar;D:\MySoftware\Environment\apache-maven\maven-repository\net\minidev\json-smart\2.4.8\json-smart-2.4.8.jar;D:\MySoftware\Environment\apache-maven\maven-repository\net\minidev\accessors-smart\2.4.8\accessors-smart-2.4.8.jar;D:\MySoftware\Environment\apache-maven\maven-repository\org\ow2\asm\asm\9.1\asm-9.1.jar;D:\MySoftware\Environment\apache-maven\maven-repository\org\slf4j\slf4j-api\1.7.36\slf4j-api-1.7.36.jar;D:\MySoftware\Environment\apache-maven\maven-repository\jakarta\xml\bind\jakarta.xml.bind-api\2.3.3\jakarta.xml.bind-api-2.3.3.jar;D:\MySoftware\Environment\apache-maven\maven-repository\jakarta\activation\jakarta.activation-api\1.2.2\jakarta.activation-api-1.2.2.jar;D:\MySoftware\Environment\apache-maven\maven-repository\org\assertj\assertj-core\3.22.0\assertj-core-3.22.0.jar;D:\MySoftware\Environment\apache-maven\maven-repository\org\hamcrest\hamcrest\2.2\hamcrest-2.2.jar;D:\MySoftware\Environment\apache-maven\maven-repository\org\junit\jupiter\junit-jupiter\5.8.2\junit-jupiter-5.8.2.jar;D:\MySoftware\Environment\apache-maven\maven-repository\org\junit\jupiter\junit-jupiter-api\5.8.2\junit-jupiter-api-5.8.2.jar;D:\MySoftware\Environment\apache-maven\maven-repository\org\opentest4j\opentest4j\1.2.0\opentest4j-1.2.0.jar;D:\MySoftware\Environment\apache-maven\maven-repository\org\junit\platform\junit-platform-commons\1.8.2\junit-platform-commons-1.8.2.jar;D:\MySoftware\Environment\apache-maven\maven-repository\org\apiguardian\apiguardian-api\1.1.2\apiguardian-api-1.1.2.jar;D:\MySoftware\Environment\apache-maven\maven-repository\org\junit\jupiter\junit-jupiter-params\5.8.2\junit-jupiter-params-5.8.2.jar;D:\MySoftware\Environment\apache-maven\maven-repository\org\junit\jupiter\junit-jupiter-engine\5.8.2\junit-jupiter-engine-5.8.2.jar;D:\MySoftware\Environment\apache-maven\maven-repository\org\junit\platform\junit-platform-engine\1.8.2\junit-platform-engine-1.8.2.jar;D:\MySoftware\Environment\apache-maven\maven-repository\org\mockito\mockito-core\4.5.1\mockito-core-4.5.1.jar;D:\MySoftware\Environment\apache-maven\maven-repository\net\bytebuddy\byte-buddy\1.12.10\byte-buddy-1.12.10.jar;D:\MySoftware\Environment\apache-maven\maven-repository\net\bytebuddy\byte-buddy-agent\1.12.10\byte-buddy-agent-1.12.10.jar;D:\MySoftware\Environment\apache-maven\maven-repository\org\objenesis\objenesis\3.2\objenesis-3.2.jar;D:\MySoftware\Environment\apache-maven\maven-repository\org\mockito\mockito-junit-jupiter\4.5.1\mockito-junit-jupiter-4.5.1.jar;D:\MySoftware\Environment\apache-maven\maven-repository\org\skyscreamer\jsonassert\1.5.0\jsonassert-1.5.0.jar;D:\MySoftware\Environment\apache-maven\maven-repository\com\vaadin\external\google\android-json\0.0.20131108.vaadin1\android-json-0.0.20131108.vaadin1.jar;D:\MySoftware\Environment\apache-maven\maven-repository\org\springframework\spring-core\5.3.20\spring-core-5.3.20.jar;D:\MySoftware\Environment\apache-maven\maven-repository\org\springframework\spring-jcl\5.3.20\spring-jcl-5.3.20.jar;D:\MySoftware\Environment\apache-maven\maven-repository\org\springframework\spring-test\5.3.20\spring-test-5.3.20.jar;D:\MySoftware\Environment\apache-maven\maven-repository\org\xmlunit\xmlunit-core\2.9.0\xmlunit-core-2.9.0.jar;"/>
    <property name="java.vm.vendor" value="Oracle Corporation"/>
    <property name="sun.arch.data.model" value="64"/>
    <property name="user.variant" value=""/>
    <property name="java.vendor.url" value="http://java.oracle.com/"/>
    <property name="user.timezone" value="Asia/Shanghai"/>
    <property name="java.vm.specification.version" value="1.8"/>
    <property name="os.name" value="Windows 10"/>
    <property name="user.country" value="CN"/>
    <property name="sun.java.launcher" value="SUN_STANDARD"/>
    <property name="sun.boot.library.path" value="D:\MySoftware\Environment\Java\jdk1.8.0_152\jre\bin"/>
    <property name="sun.java.command" value="C:\Users\Eleun\AppData\Local\Temp\surefire8625441533831146037\surefirebooter8029806332248796144.jar C:\Users\Eleun\AppData\Local\Temp\surefire8625441533831146037 2023-06-05T23-32-18_150-jvmRun1 surefire2074214052596375354tmp surefire_05297352060537260987tmp"/>
    <property name="surefire.test.class.path" value="F:\Programing\Myfile\backEnd\JavaFile\helloworld\target\test-classes;F:\Programing\Myfile\backEnd\JavaFile\helloworld\target\classes;D:\MySoftware\Environment\apache-maven\maven-repository\org\springframework\boot\spring-boot-starter-web\2.7.0\spring-boot-starter-web-2.7.0.jar;D:\MySoftware\Environment\apache-maven\maven-repository\org\springframework\boot\spring-boot-starter\2.7.0\spring-boot-starter-2.7.0.jar;D:\MySoftware\Environment\apache-maven\maven-repository\org\springframework\boot\spring-boot\2.7.0\spring-boot-2.7.0.jar;D:\MySoftware\Environment\apache-maven\maven-repository\org\springframework\boot\spring-boot-autoconfigure\2.7.0\spring-boot-autoconfigure-2.7.0.jar;D:\MySoftware\Environment\apache-maven\maven-repository\org\springframework\boot\spring-boot-starter-logging\2.7.0\spring-boot-starter-logging-2.7.0.jar;D:\MySoftware\Environment\apache-maven\maven-repository\ch\qos\logback\logback-classic\1.2.11\logback-classic-1.2.11.jar;D:\MySoftware\Environment\apache-maven\maven-repository\ch\qos\logback\logback-core\1.2.11\logback-core-1.2.11.jar;D:\MySoftware\Environment\apache-maven\maven-repository\org\apache\logging\log4j\log4j-to-slf4j\2.17.2\log4j-to-slf4j-2.17.2.jar;D:\MySoftware\Environment\apache-maven\maven-repository\org\apache\logging\log4j\log4j-api\2.17.2\log4j-api-2.17.2.jar;D:\MySoftware\Environment\apache-maven\maven-repository\org\slf4j\jul-to-slf4j\1.7.36\jul-to-slf4j-1.7.36.jar;D:\MySoftware\Environment\apache-maven\maven-repository\jakarta\annotation\jakarta.annotation-api\1.3.5\jakarta.annotation-api-1.3.5.jar;D:\MySoftware\Environment\apache-maven\maven-repository\org\yaml\snakeyaml\1.30\snakeyaml-1.30.jar;D:\MySoftware\Environment\apache-maven\maven-repository\org\springframework\boot\spring-boot-starter-json\2.7.0\spring-boot-starter-json-2.7.0.jar;D:\MySoftware\Environment\apache-maven\maven-repository\com\fasterxml\jackson\core\jackson-databind\2.13.3\jackson-databind-2.13.3.jar;D:\MySoftware\Environment\apache-maven\maven-repository\com\fasterxml\jackson\core\jackson-annotations\2.13.3\jackson-annotations-2.13.3.jar;D:\MySoftware\Environment\apache-maven\maven-repository\com\fasterxml\jackson\core\jackson-core\2.13.3\jackson-core-2.13.3.jar;D:\MySoftware\Environment\apache-maven\maven-repository\com\fasterxml\jackson\datatype\jackson-datatype-jdk8\2.13.3\jackson-datatype-jdk8-2.13.3.jar;D:\MySoftware\Environment\apache-maven\maven-repository\com\fasterxml\jackson\datatype\jackson-datatype-jsr310\2.13.3\jackson-datatype-jsr310-2.13.3.jar;D:\MySoftware\Environment\apache-maven\maven-repository\com\fasterxml\jackson\module\jackson-module-parameter-names\2.13.3\jackson-module-parameter-names-2.13.3.jar;D:\MySoftware\Environment\apache-maven\maven-repository\org\springframework\boot\spring-boot-starter-tomcat\2.7.0\spring-boot-starter-tomcat-2.7.0.jar;D:\MySoftware\Environment\apache-maven\maven-repository\org\apache\tomcat\embed\tomcat-embed-core\9.0.63\tomcat-embed-core-9.0.63.jar;D:\MySoftware\Environment\apache-maven\maven-repository\org\apache\tomcat\embed\tomcat-embed-el\9.0.63\tomcat-embed-el-9.0.63.jar;D:\MySoftware\Environment\apache-maven\maven-repository\org\apache\tomcat\embed\tomcat-embed-websocket\9.0.63\tomcat-embed-websocket-9.0.63.jar;D:\MySoftware\Environment\apache-maven\maven-repository\org\springframework\spring-web\5.3.20\spring-web-5.3.20.jar;D:\MySoftware\Environment\apache-maven\maven-repository\org\springframework\spring-beans\5.3.20\spring-beans-5.3.20.jar;D:\MySoftware\Environment\apache-maven\maven-repository\org\springframework\spring-webmvc\5.3.20\spring-webmvc-5.3.20.jar;D:\MySoftware\Environment\apache-maven\maven-repository\org\springframework\spring-aop\5.3.20\spring-aop-5.3.20.jar;D:\MySoftware\Environment\apache-maven\maven-repository\org\springframework\spring-context\5.3.20\spring-context-5.3.20.jar;D:\MySoftware\Environment\apache-maven\maven-repository\org\springframework\spring-expression\5.3.20\spring-expression-5.3.20.jar;D:\MySoftware\Environment\apache-maven\maven-repository\org\projectlombok\lombok\1.18.24\lombok-1.18.24.jar;D:\MySoftware\Environment\apache-maven\maven-repository\org\springframework\boot\spring-boot-starter-test\2.7.0\spring-boot-starter-test-2.7.0.jar;D:\MySoftware\Environment\apache-maven\maven-repository\org\springframework\boot\spring-boot-test\2.7.0\spring-boot-test-2.7.0.jar;D:\MySoftware\Environment\apache-maven\maven-repository\org\springframework\boot\spring-boot-test-autoconfigure\2.7.0\spring-boot-test-autoconfigure-2.7.0.jar;D:\MySoftware\Environment\apache-maven\maven-repository\com\jayway\jsonpath\json-path\2.7.0\json-path-2.7.0.jar;D:\MySoftware\Environment\apache-maven\maven-repository\net\minidev\json-smart\2.4.8\json-smart-2.4.8.jar;D:\MySoftware\Environment\apache-maven\maven-repository\net\minidev\accessors-smart\2.4.8\accessors-smart-2.4.8.jar;D:\MySoftware\Environment\apache-maven\maven-repository\org\ow2\asm\asm\9.1\asm-9.1.jar;D:\MySoftware\Environment\apache-maven\maven-repository\org\slf4j\slf4j-api\1.7.36\slf4j-api-1.7.36.jar;D:\MySoftware\Environment\apache-maven\maven-repository\jakarta\xml\bind\jakarta.xml.bind-api\2.3.3\jakarta.xml.bind-api-2.3.3.jar;D:\MySoftware\Environment\apache-maven\maven-repository\jakarta\activation\jakarta.activation-api\1.2.2\jakarta.activation-api-1.2.2.jar;D:\MySoftware\Environment\apache-maven\maven-repository\org\assertj\assertj-core\3.22.0\assertj-core-3.22.0.jar;D:\MySoftware\Environment\apache-maven\maven-repository\org\hamcrest\hamcrest\2.2\hamcrest-2.2.jar;D:\MySoftware\Environment\apache-maven\maven-repository\org\junit\jupiter\junit-jupiter\5.8.2\junit-jupiter-5.8.2.jar;D:\MySoftware\Environment\apache-maven\maven-repository\org\junit\jupiter\junit-jupiter-api\5.8.2\junit-jupiter-api-5.8.2.jar;D:\MySoftware\Environment\apache-maven\maven-repository\org\opentest4j\opentest4j\1.2.0\opentest4j-1.2.0.jar;D:\MySoftware\Environment\apache-maven\maven-repository\org\junit\platform\junit-platform-commons\1.8.2\junit-platform-commons-1.8.2.jar;D:\MySoftware\Environment\apache-maven\maven-repository\org\apiguardian\apiguardian-api\1.1.2\apiguardian-api-1.1.2.jar;D:\MySoftware\Environment\apache-maven\maven-repository\org\junit\jupiter\junit-jupiter-params\5.8.2\junit-jupiter-params-5.8.2.jar;D:\MySoftware\Environment\apache-maven\maven-repository\org\junit\jupiter\junit-jupiter-engine\5.8.2\junit-jupiter-engine-5.8.2.jar;D:\MySoftware\Environment\apache-maven\maven-repository\org\junit\platform\junit-platform-engine\1.8.2\junit-platform-engine-1.8.2.jar;D:\MySoftware\Environment\apache-maven\maven-repository\org\mockito\mockito-core\4.5.1\mockito-core-4.5.1.jar;D:\MySoftware\Environment\apache-maven\maven-repository\net\bytebuddy\byte-buddy\1.12.10\byte-buddy-1.12.10.jar;D:\MySoftware\Environment\apache-maven\maven-repository\net\bytebuddy\byte-buddy-agent\1.12.10\byte-buddy-agent-1.12.10.jar;D:\MySoftware\Environment\apache-maven\maven-repository\org\objenesis\objenesis\3.2\objenesis-3.2.jar;D:\MySoftware\Environment\apache-maven\maven-repository\org\mockito\mockito-junit-jupiter\4.5.1\mockito-junit-jupiter-4.5.1.jar;D:\MySoftware\Environment\apache-maven\maven-repository\org\skyscreamer\jsonassert\1.5.0\jsonassert-1.5.0.jar;D:\MySoftware\Environment\apache-maven\maven-repository\com\vaadin\external\google\android-json\0.0.20131108.vaadin1\android-json-0.0.20131108.vaadin1.jar;D:\MySoftware\Environment\apache-maven\maven-repository\org\springframework\spring-core\5.3.20\spring-core-5.3.20.jar;D:\MySoftware\Environment\apache-maven\maven-repository\org\springframework\spring-jcl\5.3.20\spring-jcl-5.3.20.jar;D:\MySoftware\Environment\apache-maven\maven-repository\org\springframework\spring-test\5.3.20\spring-test-5.3.20.jar;D:\MySoftware\Environment\apache-maven\maven-repository\org\xmlunit\xmlunit-core\2.9.0\xmlunit-core-2.9.0.jar;"/>
    <property name="sun.cpu.endian" value="little"/>
    <property name="user.home" value="C:\Users\Eleun"/>
    <property name="user.language" value="zh"/>
    <property name="java.specification.vendor" value="Oracle Corporation"/>
    <property name="java.home" value="D:\MySoftware\Environment\Java\jdk1.8.0_152\jre"/>
    <property name="basedir" value="F:\Programing\Myfile\backEnd\JavaFile\helloworld"/>
    <property name="file.separator" value="\"/>
    <property name="line.separator" value="&#10;"/>
    <property name="java.vm.specification.vendor" value="Oracle Corporation"/>
    <property name="java.specification.name" value="Java Platform API Specification"/>
    <property name="java.awt.graphicsenv" value="sun.awt.Win32GraphicsEnvironment"/>
    <property name="surefire.real.class.path" value="C:\Users\Eleun\AppData\Local\Temp\surefire8625441533831146037\surefirebooter8029806332248796144.jar"/>
    <property name="sun.boot.class.path" value="D:\MySoftware\Environment\Java\jdk1.8.0_152\jre\lib\resources.jar;D:\MySoftware\Environment\Java\jdk1.8.0_152\jre\lib\rt.jar;D:\MySoftware\Environment\Java\jdk1.8.0_152\jre\lib\sunrsasign.jar;D:\MySoftware\Environment\Java\jdk1.8.0_152\jre\lib\jsse.jar;D:\MySoftware\Environment\Java\jdk1.8.0_152\jre\lib\jce.jar;D:\MySoftware\Environment\Java\jdk1.8.0_152\jre\lib\charsets.jar;D:\MySoftware\Environment\Java\jdk1.8.0_152\jre\lib\jfr.jar;D:\MySoftware\Environment\Java\jdk1.8.0_152\jre\classes"/>
    <property name="user.script" value=""/>
    <property name="sun.management.compiler" value="HotSpot 64-Bit Tiered Compilers"/>
    <property name="java.runtime.version" value="1.8.0_152-b16"/>
    <property name="user.name" value="Eleun"/>
    <property name="path.separator" value=";"/>
    <property name="os.version" value="10.0"/>
    <property name="java.endorsed.dirs" value="D:\MySoftware\Environment\Java\jdk1.8.0_152\jre\lib\endorsed"/>
    <property name="java.runtime.name" value="Java(TM) SE Runtime Environment"/>
    <property name="file.encoding" value="GBK"/>
    <property name="java.vm.name" value="Java HotSpot(TM) 64-Bit Server VM"/>
    <property name="localRepository" value="D:\MySoftware\Environment\apache-maven\maven-repository"/>
    <property name="java.vendor.url.bug" value="http://bugreport.sun.com/bugreport/"/>
    <property name="java.io.tmpdir" value="C:\Users\Eleun\AppData\Local\Temp\"/>
    <property name="idea.version" value="2023.1.2"/>
    <property name="java.version" value="1.8.0_152"/>
    <property name="user.dir" value="F:\Programing\Myfile\backEnd\JavaFile\helloworld"/>
    <property name="os.arch" value="amd64"/>
    <property name="java.vm.specification.name" value="Java Virtual Machine Specification"/>
    <property name="java.awt.printerjob" value="sun.awt.windows.WPrinterJob"/>
    <property name="sun.os.patch.level" value=""/>
    <property name="java.library.path" value="D:\MySoftware\Environment\Java\jdk1.8.0_152\jre\bin;C:\Windows\Sun\Java\bin;C:\Windows\system32;C:\Windows;C:\Windows\system32;C:\Windows;C:\Windows\System32\Wbem;C:\Windows\System32\WindowsPowerShell\v1.0\;C:\Windows\System32\OpenSSH\;C:\Program Files\nodejs\;C:\Program Files\Git\cmd;D:\MySoftware\Environment\Java\jdk-17.0.6\bin;D:\MySoftware\Environment\Java\jdk-17.0.6\jre\bin;D:\MySoftware\Environment\apache-maven\apache-maven-3.8.1\bin;D:\MySoftware\Environment\Gradle\gradle-7.5.1\bin;D:\MySoftware\Environment\Go\go1.19.5.windows-amd64\go\bin;D:\MySoftware\Environment\C\MinGW64_C\bin;D:\MySoftware\Other;C:\Program Files\dotnet\;C:\Users\Eleun\AppData\Local\Programs\Python\Python310\Scripts\;C:\Users\Eleun\AppData\Local\Programs\Python\Python310\;C:\Users\Eleun\AppData\Local\Microsoft\WindowsApps;C:\Program Files\Bandizip\;C:\Users\Eleun\AppData\Local\JetBrains\Toolbox\scripts;;C:\Users\Eleun\AppData\Local\Programs\Fiddler;C:\Users\Eleun\AppData\Roaming\npm;C:\Users\Eleun\AppData\Local\Programs\Microsoft VS Code\bin;."/>
    <property name="java.vm.info" value="mixed mode"/>
    <property name="java.vendor" value="Oracle Corporation"/>
    <property name="java.vm.version" value="25.152-b16"/>
    <property name="java.ext.dirs" value="D:\MySoftware\Environment\Java\jdk1.8.0_152\jre\lib\ext;C:\Windows\Sun\Java\lib\ext"/>
    <property name="sun.io.unicode.encoding" value="UnicodeLittle"/>
    <property name="java.class.version" value="52.0"/>
  </properties>
  <testcase name="contextLoads" classname="ltd.newimg.helloworld.HelloworldApplicationTests" time="0.251"/>
</testsuite>