<?xml version="1.0" encoding="UTF-8"?>
<testsuite xmlns:xsi="http://www.w3.org/2001/XMLSchema-instance" xsi:noNamespaceSchemaLocation="https://maven.apache.org/surefire/maven-surefire-plugin/xsd/surefire-test-report.xsd" name="com.pets.PetHospitalInformationManageApplicationTests" time="4.26" tests="1" errors="0" skipped="0" failures="0">
  <properties>
    <property name="sun.desktop" value="windows"/>
    <property name="awt.toolkit" value="sun.awt.windows.WToolkit"/>
    <property name="file.encoding.pkg" value="sun.io"/>
    <property name="java.specification.version" value="1.8"/>
    <property name="sun.cpu.isalist" value="amd64"/>
    <property name="sun.jnu.encoding" value="GBK"/>
    <property name="java.class.path" value="D:\Programing\Myfile\backEnd\JavaFile\PetHospitalInformationManage\target\test-classes;D:\Programing\Myfile\backEnd\JavaFile\PetHospitalInformationManage\target\classes;C:\MySoftware\Environment\apache-maven\maven-repository\org\springframework\boot\spring-boot-starter-jdbc\2.6.4\spring-boot-starter-jdbc-2.6.4.jar;C:\MySoftware\Environment\apache-maven\maven-repository\org\springframework\boot\spring-boot-starter\2.6.4\spring-boot-starter-2.6.4.jar;C:\MySoftware\Environment\apache-maven\maven-repository\org\springframework\boot\spring-boot-starter-logging\2.6.4\spring-boot-starter-logging-2.6.4.jar;C:\MySoftware\Environment\apache-maven\maven-repository\ch\qos\logback\logback-classic\1.2.10\logback-classic-1.2.10.jar;C:\MySoftware\Environment\apache-maven\maven-repository\ch\qos\logback\logback-core\1.2.10\logback-core-1.2.10.jar;C:\MySoftware\Environment\apache-maven\maven-repository\org\apache\logging\log4j\log4j-to-slf4j\2.17.1\log4j-to-slf4j-2.17.1.jar;C:\MySoftware\Environment\apache-maven\maven-repository\org\apache\logging\log4j\log4j-api\2.17.1\log4j-api-2.17.1.jar;C:\MySoftware\Environment\apache-maven\maven-repository\org\slf4j\jul-to-slf4j\1.7.36\jul-to-slf4j-1.7.36.jar;C:\MySoftware\Environment\apache-maven\maven-repository\jakarta\annotation\jakarta.annotation-api\1.3.5\jakarta.annotation-api-1.3.5.jar;C:\MySoftware\Environment\apache-maven\maven-repository\org\yaml\snakeyaml\1.29\snakeyaml-1.29.jar;C:\MySoftware\Environment\apache-maven\maven-repository\com\zaxxer\HikariCP\4.0.3\HikariCP-4.0.3.jar;C:\MySoftware\Environment\apache-maven\maven-repository\org\slf4j\slf4j-api\1.7.36\slf4j-api-1.7.36.jar;C:\MySoftware\Environment\apache-maven\maven-repository\org\springframework\spring-jdbc\5.3.16\spring-jdbc-5.3.16.jar;C:\MySoftware\Environment\apache-maven\maven-repository\org\springframework\spring-beans\5.3.16\spring-beans-5.3.16.jar;C:\MySoftware\Environment\apache-maven\maven-repository\org\springframework\spring-tx\5.3.16\spring-tx-5.3.16.jar;C:\MySoftware\Environment\apache-maven\maven-repository\org\springframework\boot\spring-boot-starter-web\2.6.4\spring-boot-starter-web-2.6.4.jar;C:\MySoftware\Environment\apache-maven\maven-repository\org\springframework\boot\spring-boot-starter-json\2.6.4\spring-boot-starter-json-2.6.4.jar;C:\MySoftware\Environment\apache-maven\maven-repository\com\fasterxml\jackson\datatype\jackson-datatype-jdk8\2.13.1\jackson-datatype-jdk8-2.13.1.jar;C:\MySoftware\Environment\apache-maven\maven-repository\com\fasterxml\jackson\datatype\jackson-datatype-jsr310\2.13.1\jackson-datatype-jsr310-2.13.1.jar;C:\MySoftware\Environment\apache-maven\maven-repository\com\fasterxml\jackson\module\jackson-module-parameter-names\2.13.1\jackson-module-parameter-names-2.13.1.jar;C:\MySoftware\Environment\apache-maven\maven-repository\org\springframework\boot\spring-boot-starter-tomcat\2.6.4\spring-boot-starter-tomcat-2.6.4.jar;C:\MySoftware\Environment\apache-maven\maven-repository\org\apache\tomcat\embed\tomcat-embed-core\9.0.58\tomcat-embed-core-9.0.58.jar;C:\MySoftware\Environment\apache-maven\maven-repository\org\apache\tomcat\embed\tomcat-embed-el\9.0.58\tomcat-embed-el-9.0.58.jar;C:\MySoftware\Environment\apache-maven\maven-repository\org\apache\tomcat\embed\tomcat-embed-websocket\9.0.58\tomcat-embed-websocket-9.0.58.jar;C:\MySoftware\Environment\apache-maven\maven-repository\org\springframework\spring-web\5.3.16\spring-web-5.3.16.jar;C:\MySoftware\Environment\apache-maven\maven-repository\org\springframework\spring-webmvc\5.3.16\spring-webmvc-5.3.16.jar;C:\MySoftware\Environment\apache-maven\maven-repository\org\springframework\spring-aop\5.3.16\spring-aop-5.3.16.jar;C:\MySoftware\Environment\apache-maven\maven-repository\org\springframework\spring-context\5.3.16\spring-context-5.3.16.jar;C:\MySoftware\Environment\apache-maven\maven-repository\org\springframework\spring-expression\5.3.16\spring-expression-5.3.16.jar;C:\MySoftware\Environment\apache-maven\maven-repository\org\mybatis\spring\boot\mybatis-spring-boot-starter\2.2.2\mybatis-spring-boot-starter-2.2.2.jar;C:\MySoftware\Environment\apache-maven\maven-repository\org\mybatis\spring\boot\mybatis-spring-boot-autoconfigure\2.2.2\mybatis-spring-boot-autoconfigure-2.2.2.jar;C:\MySoftware\Environment\apache-maven\maven-repository\org\mybatis\mybatis\3.5.9\mybatis-3.5.9.jar;C:\MySoftware\Environment\apache-maven\maven-repository\org\mybatis\mybatis-spring\2.0.7\mybatis-spring-2.0.7.jar;C:\MySoftware\Environment\apache-maven\maven-repository\org\springframework\boot\spring-boot-devtools\2.6.4\spring-boot-devtools-2.6.4.jar;C:\MySoftware\Environment\apache-maven\maven-repository\org\springframework\boot\spring-boot\2.6.4\spring-boot-2.6.4.jar;C:\MySoftware\Environment\apache-maven\maven-repository\org\springframework\boot\spring-boot-autoconfigure\2.6.4\spring-boot-autoconfigure-2.6.4.jar;C:\MySoftware\Environment\apache-maven\maven-repository\mysql\mysql-connector-java\8.0.28\mysql-connector-java-8.0.28.jar;C:\MySoftware\Environment\apache-maven\maven-repository\org\projectlombok\lombok\1.18.22\lombok-1.18.22.jar;C:\MySoftware\Environment\apache-maven\maven-repository\org\springframework\boot\spring-boot-starter-test\2.6.4\spring-boot-starter-test-2.6.4.jar;C:\MySoftware\Environment\apache-maven\maven-repository\org\springframework\boot\spring-boot-test\2.6.4\spring-boot-test-2.6.4.jar;C:\MySoftware\Environment\apache-maven\maven-repository\org\springframework\boot\spring-boot-test-autoconfigure\2.6.4\spring-boot-test-autoconfigure-2.6.4.jar;C:\MySoftware\Environment\apache-maven\maven-repository\com\jayway\jsonpath\json-path\2.6.0\json-path-2.6.0.jar;C:\MySoftware\Environment\apache-maven\maven-repository\net\minidev\json-smart\2.4.8\json-smart-2.4.8.jar;C:\MySoftware\Environment\apache-maven\maven-repository\net\minidev\accessors-smart\2.4.8\accessors-smart-2.4.8.jar;C:\MySoftware\Environment\apache-maven\maven-repository\org\ow2\asm\asm\9.1\asm-9.1.jar;C:\MySoftware\Environment\apache-maven\maven-repository\jakarta\xml\bind\jakarta.xml.bind-api\2.3.3\jakarta.xml.bind-api-2.3.3.jar;C:\MySoftware\Environment\apache-maven\maven-repository\jakarta\activation\jakarta.activation-api\1.2.2\jakarta.activation-api-1.2.2.jar;C:\MySoftware\Environment\apache-maven\maven-repository\org\assertj\assertj-core\3.21.0\assertj-core-3.21.0.jar;C:\MySoftware\Environment\apache-maven\maven-repository\org\hamcrest\hamcrest\2.2\hamcrest-2.2.jar;C:\MySoftware\Environment\apache-maven\maven-repository\org\junit\jupiter\junit-jupiter\5.8.2\junit-jupiter-5.8.2.jar;C:\MySoftware\Environment\apache-maven\maven-repository\org\junit\jupiter\junit-jupiter-api\5.8.2\junit-jupiter-api-5.8.2.jar;C:\MySoftware\Environment\apache-maven\maven-repository\org\opentest4j\opentest4j\1.2.0\opentest4j-1.2.0.jar;C:\MySoftware\Environment\apache-maven\maven-repository\org\junit\platform\junit-platform-commons\1.8.2\junit-platform-commons-1.8.2.jar;C:\MySoftware\Environment\apache-maven\maven-repository\org\apiguardian\apiguardian-api\1.1.2\apiguardian-api-1.1.2.jar;C:\MySoftware\Environment\apache-maven\maven-repository\org\junit\jupiter\junit-jupiter-params\5.8.2\junit-jupiter-params-5.8.2.jar;C:\MySoftware\Environment\apache-maven\maven-repository\org\junit\jupiter\junit-jupiter-engine\5.8.2\junit-jupiter-engine-5.8.2.jar;C:\MySoftware\Environment\apache-maven\maven-repository\org\junit\platform\junit-platform-engine\1.8.2\junit-platform-engine-1.8.2.jar;C:\MySoftware\Environment\apache-maven\maven-repository\org\mockito\mockito-core\4.0.0\mockito-core-4.0.0.jar;C:\MySoftware\Environment\apache-maven\maven-repository\net\bytebuddy\byte-buddy\1.11.22\byte-buddy-1.11.22.jar;C:\MySoftware\Environment\apache-maven\maven-repository\net\bytebuddy\byte-buddy-agent\1.11.22\byte-buddy-agent-1.11.22.jar;C:\MySoftware\Environment\apache-maven\maven-repository\org\objenesis\objenesis\3.2\objenesis-3.2.jar;C:\MySoftware\Environment\apache-maven\maven-repository\org\mockito\mockito-junit-jupiter\4.0.0\mockito-junit-jupiter-4.0.0.jar;C:\MySoftware\Environment\apache-maven\maven-repository\org\skyscreamer\jsonassert\1.5.0\jsonassert-1.5.0.jar;C:\MySoftware\Environment\apache-maven\maven-repository\com\vaadin\external\google\android-json\0.0.20131108.vaadin1\android-json-0.0.20131108.vaadin1.jar;C:\MySoftware\Environment\apache-maven\maven-repository\org\springframework\spring-core\5.3.16\spring-core-5.3.16.jar;C:\MySoftware\Environment\apache-maven\maven-repository\org\springframework\spring-jcl\5.3.16\spring-jcl-5.3.16.jar;C:\MySoftware\Environment\apache-maven\maven-repository\org\springframework\spring-test\5.3.16\spring-test-5.3.16.jar;C:\MySoftware\Environment\apache-maven\maven-repository\org\xmlunit\xmlunit-core\2.8.4\xmlunit-core-2.8.4.jar;C:\MySoftware\Environment\apache-maven\maven-repository\com\alibaba\fastjson\1.2.78\fastjson-1.2.78.jar;C:\MySoftware\Environment\apache-maven\maven-repository\io\jsonwebtoken\jjwt-api\0.10.7\jjwt-api-0.10.7.jar;C:\MySoftware\Environment\apache-maven\maven-repository\io\jsonwebtoken\jjwt-impl\0.10.7\jjwt-impl-0.10.7.jar;C:\MySoftware\Environment\apache-maven\maven-repository\io\jsonwebtoken\jjwt-jackson\0.10.7\jjwt-jackson-0.10.7.jar;C:\MySoftware\Environment\apache-maven\maven-repository\com\fasterxml\jackson\core\jackson-databind\2.13.1\jackson-databind-2.13.1.jar;C:\MySoftware\Environment\apache-maven\maven-repository\com\fasterxml\jackson\core\jackson-annotations\2.13.1\jackson-annotations-2.13.1.jar;C:\MySoftware\Environment\apache-maven\maven-repository\com\fasterxml\jackson\core\jackson-core\2.13.1\jackson-core-2.13.1.jar;"/>
    <property name="java.vm.vendor" value="Oracle Corporation"/>
    <property name="sun.arch.data.model" value="64"/>
    <property name="user.variant" value=""/>
    <property name="java.vendor.url" value="http://java.oracle.com/"/>
    <property name="user.timezone" value="Asia/Shanghai"/>
    <property name="java.vm.specification.version" value="1.8"/>
    <property name="os.name" value="Windows 10"/>
    <property name="user.country" value="CN"/>
    <property name="sun.java.launcher" value="SUN_STANDARD"/>
    <property name="sun.boot.library.path" value="C:\MySoftware\Environment\Java\jdk1.8.0_301\jre\bin"/>
    <property name="sun.java.command" value="C:\Users\Eleun\AppData\Local\Temp\surefire3612046943351729221\surefirebooter5653184949407315470.jar C:\Users\Eleun\AppData\Local\Temp\surefire3612046943351729221 2022-04-12T22-06-40_904-jvmRun1 surefire6866102703230906247tmp surefire_0949059869937332407tmp"/>
    <property name="surefire.test.class.path" value="D:\Programing\Myfile\backEnd\JavaFile\PetHospitalInformationManage\target\test-classes;D:\Programing\Myfile\backEnd\JavaFile\PetHospitalInformationManage\target\classes;C:\MySoftware\Environment\apache-maven\maven-repository\org\springframework\boot\spring-boot-starter-jdbc\2.6.4\spring-boot-starter-jdbc-2.6.4.jar;C:\MySoftware\Environment\apache-maven\maven-repository\org\springframework\boot\spring-boot-starter\2.6.4\spring-boot-starter-2.6.4.jar;C:\MySoftware\Environment\apache-maven\maven-repository\org\springframework\boot\spring-boot-starter-logging\2.6.4\spring-boot-starter-logging-2.6.4.jar;C:\MySoftware\Environment\apache-maven\maven-repository\ch\qos\logback\logback-classic\1.2.10\logback-classic-1.2.10.jar;C:\MySoftware\Environment\apache-maven\maven-repository\ch\qos\logback\logback-core\1.2.10\logback-core-1.2.10.jar;C:\MySoftware\Environment\apache-maven\maven-repository\org\apache\logging\log4j\log4j-to-slf4j\2.17.1\log4j-to-slf4j-2.17.1.jar;C:\MySoftware\Environment\apache-maven\maven-repository\org\apache\logging\log4j\log4j-api\2.17.1\log4j-api-2.17.1.jar;C:\MySoftware\Environment\apache-maven\maven-repository\org\slf4j\jul-to-slf4j\1.7.36\jul-to-slf4j-1.7.36.jar;C:\MySoftware\Environment\apache-maven\maven-repository\jakarta\annotation\jakarta.annotation-api\1.3.5\jakarta.annotation-api-1.3.5.jar;C:\MySoftware\Environment\apache-maven\maven-repository\org\yaml\snakeyaml\1.29\snakeyaml-1.29.jar;C:\MySoftware\Environment\apache-maven\maven-repository\com\zaxxer\HikariCP\4.0.3\HikariCP-4.0.3.jar;C:\MySoftware\Environment\apache-maven\maven-repository\org\slf4j\slf4j-api\1.7.36\slf4j-api-1.7.36.jar;C:\MySoftware\Environment\apache-maven\maven-repository\org\springframework\spring-jdbc\5.3.16\spring-jdbc-5.3.16.jar;C:\MySoftware\Environment\apache-maven\maven-repository\org\springframework\spring-beans\5.3.16\spring-beans-5.3.16.jar;C:\MySoftware\Environment\apache-maven\maven-repository\org\springframework\spring-tx\5.3.16\spring-tx-5.3.16.jar;C:\MySoftware\Environment\apache-maven\maven-repository\org\springframework\boot\spring-boot-starter-web\2.6.4\spring-boot-starter-web-2.6.4.jar;C:\MySoftware\Environment\apache-maven\maven-repository\org\springframework\boot\spring-boot-starter-json\2.6.4\spring-boot-starter-json-2.6.4.jar;C:\MySoftware\Environment\apache-maven\maven-repository\com\fasterxml\jackson\datatype\jackson-datatype-jdk8\2.13.1\jackson-datatype-jdk8-2.13.1.jar;C:\MySoftware\Environment\apache-maven\maven-repository\com\fasterxml\jackson\datatype\jackson-datatype-jsr310\2.13.1\jackson-datatype-jsr310-2.13.1.jar;C:\MySoftware\Environment\apache-maven\maven-repository\com\fasterxml\jackson\module\jackson-module-parameter-names\2.13.1\jackson-module-parameter-names-2.13.1.jar;C:\MySoftware\Environment\apache-maven\maven-repository\org\springframework\boot\spring-boot-starter-tomcat\2.6.4\spring-boot-starter-tomcat-2.6.4.jar;C:\MySoftware\Environment\apache-maven\maven-repository\org\apache\tomcat\embed\tomcat-embed-core\9.0.58\tomcat-embed-core-9.0.58.jar;C:\MySoftware\Environment\apache-maven\maven-repository\org\apache\tomcat\embed\tomcat-embed-el\9.0.58\tomcat-embed-el-9.0.58.jar;C:\MySoftware\Environment\apache-maven\maven-repository\org\apache\tomcat\embed\tomcat-embed-websocket\9.0.58\tomcat-embed-websocket-9.0.58.jar;C:\MySoftware\Environment\apache-maven\maven-repository\org\springframework\spring-web\5.3.16\spring-web-5.3.16.jar;C:\MySoftware\Environment\apache-maven\maven-repository\org\springframework\spring-webmvc\5.3.16\spring-webmvc-5.3.16.jar;C:\MySoftware\Environment\apache-maven\maven-repository\org\springframework\spring-aop\5.3.16\spring-aop-5.3.16.jar;C:\MySoftware\Environment\apache-maven\maven-repository\org\springframework\spring-context\5.3.16\spring-context-5.3.16.jar;C:\MySoftware\Environment\apache-maven\maven-repository\org\springframework\spring-expression\5.3.16\spring-expression-5.3.16.jar;C:\MySoftware\Environment\apache-maven\maven-repository\org\mybatis\spring\boot\mybatis-spring-boot-starter\2.2.2\mybatis-spring-boot-starter-2.2.2.jar;C:\MySoftware\Environment\apache-maven\maven-repository\org\mybatis\spring\boot\mybatis-spring-boot-autoconfigure\2.2.2\mybatis-spring-boot-autoconfigure-2.2.2.jar;C:\MySoftware\Environment\apache-maven\maven-repository\org\mybatis\mybatis\3.5.9\mybatis-3.5.9.jar;C:\MySoftware\Environment\apache-maven\maven-repository\org\mybatis\mybatis-spring\2.0.7\mybatis-spring-2.0.7.jar;C:\MySoftware\Environment\apache-maven\maven-repository\org\springframework\boot\spring-boot-devtools\2.6.4\spring-boot-devtools-2.6.4.jar;C:\MySoftware\Environment\apache-maven\maven-repository\org\springframework\boot\spring-boot\2.6.4\spring-boot-2.6.4.jar;C:\MySoftware\Environment\apache-maven\maven-repository\org\springframework\boot\spring-boot-autoconfigure\2.6.4\spring-boot-autoconfigure-2.6.4.jar;C:\MySoftware\Environment\apache-maven\maven-repository\mysql\mysql-connector-java\8.0.28\mysql-connector-java-8.0.28.jar;C:\MySoftware\Environment\apache-maven\maven-repository\org\projectlombok\lombok\1.18.22\lombok-1.18.22.jar;C:\MySoftware\Environment\apache-maven\maven-repository\org\springframework\boot\spring-boot-starter-test\2.6.4\spring-boot-starter-test-2.6.4.jar;C:\MySoftware\Environment\apache-maven\maven-repository\org\springframework\boot\spring-boot-test\2.6.4\spring-boot-test-2.6.4.jar;C:\MySoftware\Environment\apache-maven\maven-repository\org\springframework\boot\spring-boot-test-autoconfigure\2.6.4\spring-boot-test-autoconfigure-2.6.4.jar;C:\MySoftware\Environment\apache-maven\maven-repository\com\jayway\jsonpath\json-path\2.6.0\json-path-2.6.0.jar;C:\MySoftware\Environment\apache-maven\maven-repository\net\minidev\json-smart\2.4.8\json-smart-2.4.8.jar;C:\MySoftware\Environment\apache-maven\maven-repository\net\minidev\accessors-smart\2.4.8\accessors-smart-2.4.8.jar;C:\MySoftware\Environment\apache-maven\maven-repository\org\ow2\asm\asm\9.1\asm-9.1.jar;C:\MySoftware\Environment\apache-maven\maven-repository\jakarta\xml\bind\jakarta.xml.bind-api\2.3.3\jakarta.xml.bind-api-2.3.3.jar;C:\MySoftware\Environment\apache-maven\maven-repository\jakarta\activation\jakarta.activation-api\1.2.2\jakarta.activation-api-1.2.2.jar;C:\MySoftware\Environment\apache-maven\maven-repository\org\assertj\assertj-core\3.21.0\assertj-core-3.21.0.jar;C:\MySoftware\Environment\apache-maven\maven-repository\org\hamcrest\hamcrest\2.2\hamcrest-2.2.jar;C:\MySoftware\Environment\apache-maven\maven-repository\org\junit\jupiter\junit-jupiter\5.8.2\junit-jupiter-5.8.2.jar;C:\MySoftware\Environment\apache-maven\maven-repository\org\junit\jupiter\junit-jupiter-api\5.8.2\junit-jupiter-api-5.8.2.jar;C:\MySoftware\Environment\apache-maven\maven-repository\org\opentest4j\opentest4j\1.2.0\opentest4j-1.2.0.jar;C:\MySoftware\Environment\apache-maven\maven-repository\org\junit\platform\junit-platform-commons\1.8.2\junit-platform-commons-1.8.2.jar;C:\MySoftware\Environment\apache-maven\maven-repository\org\apiguardian\apiguardian-api\1.1.2\apiguardian-api-1.1.2.jar;C:\MySoftware\Environment\apache-maven\maven-repository\org\junit\jupiter\junit-jupiter-params\5.8.2\junit-jupiter-params-5.8.2.jar;C:\MySoftware\Environment\apache-maven\maven-repository\org\junit\jupiter\junit-jupiter-engine\5.8.2\junit-jupiter-engine-5.8.2.jar;C:\MySoftware\Environment\apache-maven\maven-repository\org\junit\platform\junit-platform-engine\1.8.2\junit-platform-engine-1.8.2.jar;C:\MySoftware\Environment\apache-maven\maven-repository\org\mockito\mockito-core\4.0.0\mockito-core-4.0.0.jar;C:\MySoftware\Environment\apache-maven\maven-repository\net\bytebuddy\byte-buddy\1.11.22\byte-buddy-1.11.22.jar;C:\MySoftware\Environment\apache-maven\maven-repository\net\bytebuddy\byte-buddy-agent\1.11.22\byte-buddy-agent-1.11.22.jar;C:\MySoftware\Environment\apache-maven\maven-repository\org\objenesis\objenesis\3.2\objenesis-3.2.jar;C:\MySoftware\Environment\apache-maven\maven-repository\org\mockito\mockito-junit-jupiter\4.0.0\mockito-junit-jupiter-4.0.0.jar;C:\MySoftware\Environment\apache-maven\maven-repository\org\skyscreamer\jsonassert\1.5.0\jsonassert-1.5.0.jar;C:\MySoftware\Environment\apache-maven\maven-repository\com\vaadin\external\google\android-json\0.0.20131108.vaadin1\android-json-0.0.20131108.vaadin1.jar;C:\MySoftware\Environment\apache-maven\maven-repository\org\springframework\spring-core\5.3.16\spring-core-5.3.16.jar;C:\MySoftware\Environment\apache-maven\maven-repository\org\springframework\spring-jcl\5.3.16\spring-jcl-5.3.16.jar;C:\MySoftware\Environment\apache-maven\maven-repository\org\springframework\spring-test\5.3.16\spring-test-5.3.16.jar;C:\MySoftware\Environment\apache-maven\maven-repository\org\xmlunit\xmlunit-core\2.8.4\xmlunit-core-2.8.4.jar;C:\MySoftware\Environment\apache-maven\maven-repository\com\alibaba\fastjson\1.2.78\fastjson-1.2.78.jar;C:\MySoftware\Environment\apache-maven\maven-repository\io\jsonwebtoken\jjwt-api\0.10.7\jjwt-api-0.10.7.jar;C:\MySoftware\Environment\apache-maven\maven-repository\io\jsonwebtoken\jjwt-impl\0.10.7\jjwt-impl-0.10.7.jar;C:\MySoftware\Environment\apache-maven\maven-repository\io\jsonwebtoken\jjwt-jackson\0.10.7\jjwt-jackson-0.10.7.jar;C:\MySoftware\Environment\apache-maven\maven-repository\com\fasterxml\jackson\core\jackson-databind\2.13.1\jackson-databind-2.13.1.jar;C:\MySoftware\Environment\apache-maven\maven-repository\com\fasterxml\jackson\core\jackson-annotations\2.13.1\jackson-annotations-2.13.1.jar;C:\MySoftware\Environment\apache-maven\maven-repository\com\fasterxml\jackson\core\jackson-core\2.13.1\jackson-core-2.13.1.jar;"/>
    <property name="sun.cpu.endian" value="little"/>
    <property name="user.home" value="C:\Users\Eleun"/>
    <property name="user.language" value="zh"/>
    <property name="java.specification.vendor" value="Oracle Corporation"/>
    <property name="java.home" value="C:\MySoftware\Environment\Java\jdk1.8.0_301\jre"/>
    <property name="basedir" value="D:\Programing\Myfile\backEnd\JavaFile\PetHospitalInformationManage"/>
    <property name="file.separator" value="\"/>
    <property name="line.separator" value="&#10;"/>
    <property name="java.vm.specification.vendor" value="Oracle Corporation"/>
    <property name="java.specification.name" value="Java Platform API Specification"/>
    <property name="java.awt.graphicsenv" value="sun.awt.Win32GraphicsEnvironment"/>
    <property name="surefire.real.class.path" value="C:\Users\Eleun\AppData\Local\Temp\surefire3612046943351729221\surefirebooter5653184949407315470.jar"/>
    <property name="sun.boot.class.path" value="C:\MySoftware\Environment\Java\jdk1.8.0_301\jre\lib\resources.jar;C:\MySoftware\Environment\Java\jdk1.8.0_301\jre\lib\rt.jar;C:\MySoftware\Environment\Java\jdk1.8.0_301\jre\lib\sunrsasign.jar;C:\MySoftware\Environment\Java\jdk1.8.0_301\jre\lib\jsse.jar;C:\MySoftware\Environment\Java\jdk1.8.0_301\jre\lib\jce.jar;C:\MySoftware\Environment\Java\jdk1.8.0_301\jre\lib\charsets.jar;C:\MySoftware\Environment\Java\jdk1.8.0_301\jre\lib\jfr.jar;C:\MySoftware\Environment\Java\jdk1.8.0_301\jre\classes"/>
    <property name="user.script" value=""/>
    <property name="sun.management.compiler" value="HotSpot 64-Bit Tiered Compilers"/>
    <property name="java.runtime.version" value="1.8.0_301-b09"/>
    <property name="user.name" value="Eleun"/>
    <property name="path.separator" value=";"/>
    <property name="os.version" value="10.0"/>
    <property name="java.endorsed.dirs" value="C:\MySoftware\Environment\Java\jdk1.8.0_301\jre\lib\endorsed"/>
    <property name="java.runtime.name" value="Java(TM) SE Runtime Environment"/>
    <property name="file.encoding" value="GBK"/>
    <property name="java.vm.name" value="Java HotSpot(TM) 64-Bit Server VM"/>
    <property name="localRepository" value="C:\MySoftware\Environment\apache-maven\maven-repository"/>
    <property name="java.vendor.url.bug" value="http://bugreport.sun.com/bugreport/"/>
    <property name="java.io.tmpdir" value="C:\Users\Eleun\AppData\Local\Temp\"/>
    <property name="idea.version" value="2021.3.1"/>
    <property name="java.version" value="1.8.0_301"/>
    <property name="user.dir" value="D:\Programing\Myfile\backEnd\JavaFile\PetHospitalInformationManage"/>
    <property name="os.arch" value="amd64"/>
    <property name="java.vm.specification.name" value="Java Virtual Machine Specification"/>
    <property name="java.awt.printerjob" value="sun.awt.windows.WPrinterJob"/>
    <property name="sun.os.patch.level" value=""/>
    <property name="java.library.path" value="C:\MySoftware\Environment\Java\jdk1.8.0_301\jre\bin;C:\Windows\Sun\Java\bin;C:\Windows\system32;C:\Windows;C:\Windows\system32;C:\Windows;C:\Windows\System32\Wbem;C:\Windows\System32\WindowsPowerShell\v1.0\;C:\Windows\System32\OpenSSH\;C:\MySoftware\Environment\C\MinGW64_C\bin;C:\MySoftware\Environment\Java\jdk1.8.0_301\bin;C:\MySoftware\Environment\Java\jdk1.8.0_301\jre\bin;C:\MySoftware\Environment\MySQL\mysql-8.0.26-winx64\bin;C:\Program Files\PowerShell\7\;C:\Program Files\Git\cmd;C:\Program Files\nodejs\;C:\MySoftware\Environment\apache-maven\apache-maven-3.8.1\bin;C:\Program Files\dotnet\;C:\Program Files (x86)\Tencent\微信web开发者工具\dll;C:\Users\Eleun\AppData\Local\Programs\Python\Python37\Scripts\;C:\Users\Eleun\AppData\Local\Programs\Python\Python37\;C:\Users\Eleun\AppData\Local\Microsoft\WindowsApps;;C:\Users\Eleun\AppData\Local\Programs\Microsoft VS Code\bin;C:\Program Files\Bandizip\;C:\Users\Eleun\AppData\Roaming\npm;C:\Users\Eleun\AppData\Local\Programs\Fiddler;."/>
    <property name="java.vm.info" value="mixed mode"/>
    <property name="java.vendor" value="Oracle Corporation"/>
    <property name="java.vm.version" value="25.301-b09"/>
    <property name="java.ext.dirs" value="C:\MySoftware\Environment\Java\jdk1.8.0_301\jre\lib\ext;C:\Windows\Sun\Java\lib\ext"/>
    <property name="sun.io.unicode.encoding" value="UnicodeLittle"/>
    <property name="java.class.version" value="52.0"/>
  </properties>
  <testcase name="contextLoads" classname="com.pets.PetHospitalInformationManageApplicationTests" time="0.305"/>
</testsuite>